<?xml version="1.0" encoding="UTF-8"?>
<!-- Generated by org.testng.reporters.JUnitReportReporter -->
<testsuite skipped="0" hostname="DESKTOP-9RKPRPI" name="com.org.pune.MavenSelenium.TestClass2" tests="2" failures="0" timestamp="16 Mar 2019 05:57:25 GMT" time="0.008" errors="0">
  <testcase name="a" time="0.004" classname="com.org.pune.MavenSelenium.TestClass2"/>
  <testcase name="d" time="0.004" classname="com.org.pune.MavenSelenium.TestClass2"/>
</testsuite> <!-- com.org.pune.MavenSelenium.TestClass2 -->
