<?xml version="1.0" encoding="UTF-8"?>
<!-- Generated by org.testng.reporters.JUnitReportReporter -->
<testsuite skipped="0" hostname="DESKTOP-9RKPRPI" name="com.org.pune.MavenSelenium.Facebook" tests="1" failures="0" timestamp="28 Mar 2019 09:41:23 GMT" time="6.424" errors="0">
  <testcase name="f" time="6.424" classname="com.org.pune.MavenSelenium.Facebook"/>
</testsuite> <!-- com.org.pune.MavenSelenium.Facebook -->
