<?xml version="1.0" encoding="UTF-8"?>
<!-- Generated by org.testng.reporters.JUnitReportReporter -->
<testsuite skipped="0" hostname="DESKTOP-9RKPRPI" name="com.org.pune.MavenSelenium.TestClass" tests="1" failures="0" timestamp="06 Mar 2019 07:31:06 GMT" time="0.012" errors="0">
  <testcase name="f" time="0.012" classname="com.org.pune.MavenSelenium.TestClass"/>
</testsuite> <!-- com.org.pune.MavenSelenium.TestClass -->
