<?xml version="1.0" encoding="UTF-8"?>
<!-- Generated by org.testng.reporters.JUnitReportReporter -->
<testsuite skipped="0" hostname="DESKTOP-9RKPRPI" name="com.org.pune.MavenSelenium.SeleniumTestClass" tests="1" failures="0" timestamp="16 Mar 2019 05:15:40 GMT" time="0.004" errors="0">
  <testcase name="f" time="0.004" classname="com.org.pune.MavenSelenium.SeleniumTestClass"/>
</testsuite> <!-- com.org.pune.MavenSelenium.SeleniumTestClass -->
