<?xml version="1.0" encoding="UTF-8"?>
<!-- Generated by org.testng.reporters.JUnitReportReporter -->
<testsuite skipped="0" hostname="DESKTOP-9RKPRPI" name="com.org.pune.MavenSelenium.Facebook" tests="1" failures="0" timestamp="29 Mar 2019 08:34:17 GMT" time="3.083" errors="0">
  <testcase name="f" time="3.083" classname="com.org.pune.MavenSelenium.Facebook"/>
</testsuite> <!-- com.org.pune.MavenSelenium.Facebook -->
